0000000000000000 b _TLS_MODULE_BASE_
0000000000000000 T __code_start
0000000000000000 A __start__
0000000000000000 T _start
0000000000000000 0000000000000080 b buf.0
0000000000000080 0000000000000004 b g_resolverCancelHandle
0000000000000084 0000000000000001 b g_resolverDisableServiceDiscovery
0000000000000088 0000000000000004 b g_resolverResult
000000000000008c 0000000000000004 B g_bsdErrno
0000000000000090 0000000000000004 B g_bsdResult
0000000000000094 0000000000000004 b fsdev_last_result
0000000000000098 0000000000000004 b g_fsPriority
00000000000000a0 0000000000000401 B __nx_dev_path_buf
0000000000000108 T __nx_exit
0000000000000118 T __nx_mod0
0000000000000140 T _init
0000000000000180 0000000000000038 T exit
00000000000001c0 00000000000002c0 T main
0000000000000480 t __do_global_dtors_aux
00000000000004d0 t frame_dummy
0000000000000500 0000000000000128 T libnx_getaddrinfo
0000000000000630 00000000000000d0 t _smCmdInPid
0000000000000700 0000000000000068 t _smCleanup
0000000000000770 0000000000000048 T smAddOverrideHandle
00000000000007c0 0000000000000054 T smGetServiceOverride
0000000000000820 0000000000000044 T smExit
0000000000000870 00000000000000d0 T smGetServiceOriginal
0000000000000940 00000000000001e0 T smInitialize
0000000000000b20 0000000000000120 T smGetServiceWrapper
0000000000000c40 0000000000000024 t _appletInfiniteSleepLoop
0000000000000c70 00000000000000f0 t _appletCmdGetSession
0000000000000d60 00000000000000cc t _appletCmdInU8NoOut
0000000000000e30 0000000000000110 t _appletGetLaunchReason
0000000000000f40 00000000000000e4 t _appletSetFocusHandlingMode
0000000000001030 00000000000000cc t _appletCmdInU32NoOut
0000000000001100 0000000000000118 t _appletGetSessionProxy.constprop.0
0000000000001220 0000000000000134 t _appletOpenLibraryAppletProxy.constprop.0
0000000000001360 00000000000000d0 t _appletCmdGetHandle.constprop.0.isra.0
0000000000001430 00000000000000d4 t _appletCmdNoInOutU8.isra.0
0000000000001510 00000000000000d4 t _appletCmdNoInOutU32.isra.0
00000000000015f0 00000000000000d4 t _appletCmdNoInOutU64.isra.0
00000000000016d0 00000000000000c0 t _appletCmdNoIO.isra.0
0000000000001790 0000000000000010 T appletGetAppletType
00000000000017a0 0000000000000118 T appletSetFocusHandlingMode
00000000000018c0 000000000000005c T appletSetCpuBoostMode
0000000000001920 000000000000002c T appletCreateManagedDisplayLayer
0000000000001950 000000000000000c T appletGetAppletResourceUserId
0000000000001960 00000000000000f8 t _appletGetIndirectLayerConsumerHandle
0000000000001a60 0000000000000088 t _appletHolderCreateState
0000000000001af0 00000000000000b4 T appletHolderClose
0000000000001bb0 0000000000000024 T appletHolderGetLibraryAppletInfo
0000000000001be0 0000000000000090 T appletNotifyRunning
0000000000001c70 000000000000008c T appletSetGamePlayRecordingState
0000000000001d00 0000000000000ac4 t _appletCleanup
00000000000027d0 0000000000000044 T appletExit
0000000000002820 0000000000000040 T appletGetLibraryAppletInfo
0000000000002860 0000000000000a28 T appletInitialize
0000000000003290 0000000000000024 t _appletExitProcess
00000000000032c0 0000000000000074 T appletGetMessage
0000000000003340 0000000000000248 T appletProcessMessage
0000000000003590 0000000000000034 T appletMainLoop
00000000000035d0 0000000000000014 T hosversionGet
00000000000035f0 0000000000000010 T hosversionSet
0000000000003600 0000000000000224 T envSetup
0000000000003830 0000000000000020 T envGetMainThreadHandle
0000000000003850 000000000000000c T envIsNso
0000000000003860 0000000000000014 T envHasHeapOverride
0000000000003880 000000000000000c T envGetHeapOverrideAddr
0000000000003890 000000000000000c T envGetHeapOverrideSize
00000000000038a0 0000000000000014 T envHasArgv
00000000000038c0 000000000000000c T envGetArgv
00000000000038d0 000000000000000c T envGetExitFuncPtr
00000000000038e0 000000000000000c T envSetExitFuncPtr
00000000000038f0 000000000000000c T envHasRandomSeed
0000000000003900 0000000000000018 T envGetRandomSeed
0000000000003920 000000000000005c t _padUpdateWithCommonState
0000000000003980 000000000000009c T padConfigureInput
0000000000003a20 0000000000000020 T padInitializeWithMask
0000000000003a40 0000000000000238 T padUpdate
0000000000003c80 000000000000001c W diagAbortWithResult
0000000000003ca0 0000000000000038 T freeaddrinfo
0000000000003ce0 0000000000000074 T gai_strerror
0000000000003d60 00000000000005a8 T getaddrinfo
0000000000004310 00000000000000a8 t _socketParseBsdResult.part.0
00000000000043c0 0000000000000048 t _socketRead
0000000000004410 0000000000000048 t _socketWrite
0000000000004460 000000000000003c t _socketClose
00000000000044a0 0000000000000078 t _socketOpen
0000000000004520 000000000000001c T socketExit
0000000000004540 000000000000011c T socketInitialize
0000000000004660 0000000000000048 t consoleDrawChar
00000000000046b0 00000000000000b0 t consoleNewRow
0000000000004760 0000000000000c4c t con_write
00000000000053b0 0000000000000170 T consoleInit
0000000000005520 0000000000000048 T consoleExit
0000000000005570 000000000000002c T consoleUpdate
00000000000055a0 0000000000000194 t ConsoleSwRenderer_drawChar
0000000000005740 00000000000000fc t ConsoleSwRenderer_init
0000000000005840 0000000000000070 t ConsoleSwRenderer_flushAndSwap
00000000000058b0 00000000000000c8 t ConsoleSwRenderer_scrollWindow
0000000000005980 000000000000004c t ConsoleSwRenderer_deinit
00000000000059d0 000000000000000c W getDefaultConsoleRenderer
00000000000059e0 000000000000002c T _convert_errno
0000000000005a10 00000000000000e8 t inet_ntop4.part.0
0000000000005b00 000000000000035c T inet_ntop
0000000000005e5c T svcSetHeapSize
0000000000005e70 T svcSetMemoryAttribute
0000000000005e78 T svcUnmapMemory
0000000000005e80 T svcQueryMemory
0000000000005e94 T svcExitProcess
0000000000005e9c T svcSleepThread
0000000000005ea4 T svcMapSharedMemory
0000000000005eac T svcUnmapSharedMemory
0000000000005eb4 T svcCreateTransferMemory
0000000000005ec8 T svcCloseHandle
0000000000005ed0 T svcResetSignal
0000000000005ed8 T svcWaitSynchronization
0000000000005eec T svcArbitrateLock
0000000000005ef4 T svcArbitrateUnlock
0000000000005efc T svcWaitProcessWideKeyAtomic
0000000000005f04 T svcSignalProcessWideKey
0000000000005f0c T svcConnectToNamedPort
0000000000005f20 T svcSendSyncRequest
0000000000005f28 T svcBreak
0000000000005f30 T svcReturnFromException
0000000000005f38 T svcGetInfo
0000000000005f4c T svcUnmapTransferMemory
0000000000005f54 T __aarch64_read_tp
0000000000005f60 00000000000000a8 T tmemCreate
0000000000006010 0000000000000034 T tmemUnmap
0000000000006050 0000000000000068 T tmemClose
00000000000060c0 000000000000045c T waitObjects
0000000000006520 0000000000000080 T mutexLock
00000000000065a0 0000000000000068 T mutexUnlock
0000000000006610 000000000000001c T mutexIsLockedByCurrentThread
0000000000006630 000000000000004c T rmutexLock
0000000000006680 000000000000001c T rmutexUnlock
00000000000066a0 0000000000000064 t _memregionInitWithInfo
0000000000006710 0000000000000178 t _memregionFindRandom
0000000000006890 0000000000000120 T virtmemSetup
00000000000069b0 000000000000000c T virtmemLock
00000000000069c0 000000000000000c T virtmemUnlock
00000000000069d0 0000000000000054 T virtmemFindAslr
0000000000006a30 000000000000000c T eventLoadRemote
0000000000006a40 0000000000000038 T eventWait
0000000000006a80 0000000000000050 T eventClose
0000000000006ad0 0000000000000424 T randomGet
0000000000006f00 0000000000000020 T randomGet64
0000000000006f20 00000000000000c0 t _apmCleanup
0000000000006fe0 00000000000000e0 t _apmCmdGetSession.constprop.0
00000000000070c0 00000000000000a0 T apmInitialize
0000000000007160 0000000000000044 T apmExit
00000000000071b0 00000000000000c8 T apmSetPerformanceConfiguration
0000000000007280 0000000000000154 t _sfdnsresCmdInErrOutStr
00000000000073e0 0000000000000008 T sfdnsresGetGaiStringErrorRequest
00000000000073f0 0000000000000298 T sfdnsresGetAddrInfoRequest
0000000000007690 00000000000000f4 t _bsdStartMonitoring
0000000000007790 00000000000000e0 t _bsdCleanup
0000000000007870 0000000000000134 t _bsdRegisterClient.constprop.0
00000000000079b0 00000000000001d0 T bsdInitialize
0000000000007b80 0000000000000044 T bsdExit
0000000000007bd0 00000000000001b0 T bsdOpen
0000000000007d80 00000000000001a4 T bsdWrite
0000000000007f30 00000000000001a4 T bsdRead
00000000000080e0 000000000000013c T bsdClose
0000000000008220 0000000000000108 t _hidCleanup
0000000000008330 00000000000000d4 t _hidCmdInAruidNoOut
0000000000008410 00000000000000e0 t _hidCmdInU32AruidNoOut
00000000000084f0 0000000000000184 t _hidGetStates
0000000000008680 00000000000000fc t _hidCreateAppletResource.constprop.0
0000000000008780 00000000000000c8 t _hidCmdGetHandle.constprop.0
0000000000008850 00000000000000dc T hidInitialize
0000000000008930 0000000000000044 T hidExit
0000000000008980 000000000000000c T hidGetSharedmemAddr
0000000000008990 0000000000000094 T hidGetNpadStyleSet
0000000000008a30 000000000000006c T hidInitializeNpad
0000000000008aa0 00000000000000ac T hidGetNpadStatesFullKey
0000000000008b50 00000000000000ac T hidGetNpadStatesHandheld
0000000000008c00 00000000000000ac T hidGetNpadStatesJoyDual
0000000000008cb0 00000000000000ac T hidGetNpadStatesJoyLeft
0000000000008d60 00000000000000ac T hidGetNpadStatesJoyRight
0000000000008e10 0000000000000174 T hidGetNpadStatesGc
0000000000008f90 00000000000000b0 T hidGetNpadStatesSystemExt
0000000000009040 0000000000000008 T hidSetSupportedNpadStyleSet
0000000000009050 00000000000000fc T hidSetSupportedNpadIdType
0000000000009150 000000000000008c T framebufferMakeLinear
00000000000091e0 0000000000000084 T framebufferClose
0000000000009270 0000000000000298 T framebufferCreate
0000000000009510 0000000000000088 T framebufferBegin
00000000000095a0 0000000000000174 T framebufferEnd
0000000000009720 000000000000000c T nwindowGetDefault
0000000000009730 00000000000000c0 T __nx_win_init
00000000000097f0 0000000000000034 T __nx_win_exit
0000000000009830 0000000000000024 T nwindowIsValid
0000000000009860 000000000000008c T nwindowClose
00000000000098f0 00000000000000f8 T nwindowCreate
00000000000099f0 0000000000000034 T nwindowCreateFromLayer
0000000000009a30 0000000000000088 T nwindowSetDimensions
0000000000009ac0 0000000000000190 T nwindowConfigureBuffer
0000000000009c50 00000000000001e0 T nwindowDequeueBuffer
0000000000009e30 0000000000000144 T nwindowQueueBuffer
0000000000009f80 0000000000000098 T nwindowReleaseBuffers
000000000000a020 00000000000000a0 T __nx_dynamic
000000000000a0c0 00000000000000d8 W __libnx_initheap
000000000000a1a0 00000000000000ec W __appInit
000000000000a290 0000000000000044 W __appExit
000000000000a2e0 000000000000002c W __libnx_init
000000000000a310 0000000000000020 W __libnx_exit
000000000000a330 0000000000000004 W __libnx_alloc
000000000000a340 0000000000000014 W __libnx_aligned_alloc
000000000000a360 0000000000000004 W __libnx_free
000000000000a370 000000000000001c T __syscall_exit
000000000000a390 0000000000000034 T __syscall_getreent
000000000000a3d0 0000000000000004 T __syscall_lock_acquire
000000000000a3e0 0000000000000004 T __syscall_lock_release
000000000000a3f0 0000000000000004 T __syscall_lock_acquire_recursive
000000000000a400 0000000000000004 T __syscall_lock_release_recursive
000000000000a410 0000000000000228 T __libnx_init_time
000000000000a640 0000000000000084 T newlibSetup
000000000000a6d0 0000000000000324 T argvSetup
000000000000aa00 0000000000000014 t fsdev_link
000000000000aa20 0000000000000014 t fsdev_dirreset
000000000000aa40 0000000000000014 t fsdev_chmod
000000000000aa60 0000000000000018 t error_cmp
000000000000aa80 0000000000000020 t fsdev_dirclose
000000000000aaa0 000000000000001c t fsdev_close
000000000000aac0 0000000000000080 t fsdev_converttimetoutc
000000000000ab40 00000000000000b8 t fsdevFindDevice.part.0
000000000000ac00 00000000000001e0 t fsdev_fixpath
000000000000ade0 00000000000000a0 t _fsdevUnmountDeviceStruct.part.0
000000000000ae80 0000000000000014 t fsdev_fchmod
000000000000aea0 0000000000000108 t fsdev_diropen
000000000000afb0 000000000000007c t fsdev_fsync
000000000000b030 0000000000000110 t fsdev_fstat
000000000000b140 0000000000000094 t fsdev_ftruncate
000000000000b1e0 000000000000020c t fsdev_stat
000000000000b3f0 0000000000000158 t fsdev_rename
000000000000b550 000000000000014c t fsdev_chdir
000000000000b6a0 00000000000000ac t fsdev_mkdir
000000000000b750 00000000000000ac t fsdev_rmdir
000000000000b800 00000000000000ac t fsdev_unlink
000000000000b8b0 0000000000000104 t fsdev_statvfs
000000000000b9c0 000000000000013c t fsdev_write_safe
000000000000bb00 000000000000013c t fsdev_read_safe
000000000000bc40 0000000000000104 t fsdev_read
000000000000bd50 00000000000001bc t fsdev_dirnext
000000000000bf10 0000000000000124 t fsdev_write
000000000000c040 00000000000000e4 t fsdev_seek
000000000000c130 0000000000000244 t fsdev_open
000000000000c380 0000000000000220 T fsdevMountDevice
000000000000c5a0 0000000000000048 T fsdevMountSdmc
000000000000c5f0 00000000000000cc T __libnx_init_cwd
000000000000c6c0 0000000000000064 T fsdevUnmountAll
000000000000c730 000000000000012c T decode_utf8
000000000000c85c T armDCacheFlush
000000000000c880 t armDCacheFlush_L0
000000000000c898 W __libnx_exception_entry
000000000000c924 t __libnx_exception_entry_start
000000000000ca4c t __libnx_exception_entry_abort
000000000000ca50 t __libnx_exception_entry_end
000000000000ca58 T __libnx_exception_returnentry
000000000000ca70 0000000000000014 T shmemLoadRemote
000000000000ca90 0000000000000088 T shmemMap
000000000000cb20 0000000000000034 T shmemUnmap
000000000000cb60 0000000000000044 T shmemClose
000000000000cbb0 0000000000000064 T condvarWaitTimeout
000000000000cc20 00000000000000ac T __libnx_init_thread
000000000000ccd0 0000000000000188 T sessionmgrCreate
000000000000ce60 0000000000000084 T sessionmgrClose
000000000000cef0 00000000000000b0 T sessionmgrAttachClient
000000000000cfa0 0000000000000074 T sessionmgrDetachClient
000000000000d020 00000000000000b4 t _fsCleanup
000000000000d0e0 00000000000001b0 t _fsCmdNoIO
000000000000d290 00000000000001d8 t _fsFsCmdWithInPath
000000000000d470 00000000000001fc t _fsFsCmdWithTwoInPaths
000000000000d670 0000000000000230 t _fsFsOpenCommon
000000000000d8a0 00000000000001f4 t _fsFsCmdWithInPathAndOutU64
000000000000daa0 00000000000000f4 t _fsObjectClose
000000000000dba0 0000000000000170 t _fsCmdGetSession.constprop.0
000000000000dd10 0000000000000314 T fsInitialize
000000000000e030 0000000000000044 T fsExit
000000000000e080 0000000000000008 T fsOpenSdCardFileSystem
000000000000e090 00000000000001e8 T fsFsCreateFile
000000000000e280 0000000000000008 T fsFsDeleteFile
000000000000e290 0000000000000008 T fsFsCreateDirectory
000000000000e2a0 0000000000000008 T fsFsDeleteDirectory
000000000000e2b0 0000000000000008 T fsFsRenameFile
000000000000e2c0 0000000000000008 T fsFsRenameDirectory
000000000000e2d0 00000000000001ec T fsFsGetEntryType
000000000000e4c0 0000000000000008 T fsFsOpenFile
000000000000e4d0 0000000000000008 T fsFsOpenDirectory
000000000000e4e0 0000000000000008 T fsFsGetFreeSpace
000000000000e4f0 0000000000000008 T fsFsGetTotalSpace
000000000000e500 0000000000000234 T fsFsGetFileTimeStampRaw
000000000000e740 0000000000000004 T fsFsClose
000000000000e750 000000000000021c T fsFileRead
000000000000e970 000000000000020c T fsFileWrite
000000000000eb80 0000000000000008 T fsFileFlush
000000000000eb90 00000000000001b4 T fsFileSetSize
000000000000eb90 00000000000001b4 t fsFileSetSize.localalias
000000000000ed50 00000000000001c4 T fsFileGetSize
000000000000ed50 00000000000001c4 t fsFileGetSize.localalias
000000000000ef20 0000000000000004 T fsFileClose
000000000000ef30 0000000000000004 T fsDirClose
000000000000ef40 0000000000000204 T fsDirRead
000000000000f150 00000000000000cc t _nvSetClientPID
000000000000f220 00000000000000d0 t _nvCleanup
000000000000f2f0 00000000000000d4 t _nvCmdInitialize.constprop.0
000000000000f3d0 000000000000001c W __nx_nv_create_tmem
000000000000f3f0 0000000000000220 T nvInitialize
000000000000f610 0000000000000044 T nvExit
000000000000f660 0000000000000140 T nvConvertError
000000000000f7a0 0000000000000114 T nvOpen
000000000000f8c0 0000000000000250 T nvIoctl
000000000000fb10 00000000000000d8 T nvClose
000000000000fbf0 0000000000000108 T nvQueryEvent
000000000000fd00 00000000000001dc t _viCleanup
000000000000fee0 00000000000000e8 t _viCmdGetSessionNoParams.constprop.0
000000000000ffd0 00000000000000e4 t _viCmdGetSession.constprop.0
00000000000100c0 000000000000025c T viInitialize
0000000000010320 0000000000000044 T viExit
0000000000010370 000000000000000c T viGetSession_IHOSBinderDriverRelay
0000000000010380 0000000000000120 T viOpenDisplay
00000000000104a0 00000000000000f8 T viCloseDisplay
00000000000105a0 00000000000000fc T viCloseLayer
00000000000106a0 00000000000003c4 T viCreateLayer
0000000000010a70 00000000000000d8 T viSetLayerScalingMode
0000000000010b50 00000000000000d4 t _setsysGetFirmwareVersionImpl
0000000000010c30 0000000000000068 t _setsysCleanup
0000000000010ca0 00000000000000a0 T setsysInitialize
0000000000010d40 0000000000000044 T setsysExit
0000000000010d90 0000000000000044 T setsysGetFirmwareVersion
0000000000010de0 0000000000000228 t _timeCleanup
0000000000011010 00000000000000c8 t _timeCmdNoInOutU64.constprop.0
00000000000110e0 00000000000000e8 t _timeCmdGetSession.constprop.0
00000000000111d0 00000000000000cc t _timeGetSharedMemoryNativeHandle.constprop.0
00000000000112a0 0000000000000114 t _timeReadClockFromSharedMem
00000000000113c0 0000000000000238 T timeInitialize
0000000000011600 0000000000000044 T timeExit
0000000000011650 0000000000000038 T timeGetServiceSession_SystemClock
0000000000011690 000000000000005c T timeGetCurrentTime
00000000000116f0 0000000000000118 T timeToCalendarTimeWithMyRule
0000000000011810 0000000000000104 T timeToPosixTimeWithMyRule
0000000000011920 000000000000007c t _nvFenceCleanup
00000000000119a0 0000000000000098 T nvFenceInit
0000000000011a40 0000000000000044 T nvFenceExit
0000000000011a90 0000000000000250 T nvFenceWait
0000000000011ce0 0000000000000074 T nvMultiFenceWait
0000000000011d60 00000000000000b4 T nvMapInit
0000000000011e20 000000000000006c T nvMapExit
0000000000011e90 0000000000000080 T nvMapClose
0000000000011f10 0000000000000160 T nvMapCreate
0000000000012070 0000000000000028 T nvioctlNvhostCtrl_EventSignal
00000000000120a0 0000000000000044 T nvioctlNvhostCtrl_EventWait
00000000000120f0 0000000000000030 T nvioctlNvhostCtrl_EventWaitAsync
0000000000012120 0000000000000028 T nvioctlNvhostCtrl_EventRegister
0000000000012150 0000000000000028 T nvioctlNvhostCtrl_EventUnregister
0000000000012180 0000000000000040 T nvioctlNvmap_Create
00000000000121c0 0000000000000040 T nvioctlNvmap_Alloc
0000000000012200 0000000000000030 T nvioctlNvmap_Free
0000000000012230 0000000000000040 T nvioctlNvmap_GetId
0000000000012270 00000000000000d8 T bqRequestBuffer
0000000000012350 0000000000000168 T bqDequeueBuffer
00000000000124c0 00000000000000dc T bqQueueBuffer
00000000000125a0 0000000000000094 T bqCancelBuffer
0000000000012640 00000000000000e8 T bqConnect
0000000000012730 000000000000009c T bqDisconnect
00000000000127d0 0000000000000174 T bqSetPreallocatedBuffer
0000000000012950 0000000000000018 T binderCreate
0000000000012970 0000000000000390 T binderTransactParcel
0000000000012d00 0000000000000124 T binderConvertErrorCode
0000000000012e30 0000000000000124 T binderAdjustRefcount
0000000000012f60 0000000000000098 T binderInitSession
0000000000013000 0000000000000068 T binderClose
0000000000013070 0000000000000158 T binderGetNativeHandle
00000000000131d0 0000000000000030 T parcelCreate
0000000000013200 000000000000019c T parcelTransact
00000000000133a0 0000000000000088 T parcelWriteData
0000000000013430 0000000000000098 T parcelReadData
00000000000134d0 0000000000000020 T parcelWriteInt32
00000000000134f0 0000000000000020 T parcelWriteUInt32
0000000000013510 000000000000007c T parcelWriteString16
0000000000013590 0000000000000030 T parcelWriteInterfaceToken
00000000000135c0 0000000000000024 T parcelReadInt32
00000000000135f0 0000000000000068 T parcelReadFlattenedObject
0000000000013660 000000000000004c T parcelWriteFlattenedObject
00000000000136b0 00000000000000c4 T nxlinkSetup
0000000000013780 000000000000003c T aligned_alloc
00000000000137c0 00000000000000b8 T bsearch
0000000000013880 0000000000000014 T __errno
00000000000138a0 0000000000000044 T __libc_fini_array
00000000000138f0 000000000000002c T gmtime
0000000000013920 000000000000029c T gmtime_r
0000000000013bc0 000000000000008c T __libc_init_array
0000000000013c50 000000000000002c T memalign
0000000000013c80 00000000000001a0 T _memalign_r
0000000000013e20 0000000000000024 T malloc
0000000000013e50 0000000000000024 T free
0000000000013e80 0000000000000878 T _malloc_r
00000000000146f8 00000000000000d8 T memchr
0000000000014800 000000000000016c T memcpy
0000000000014980 00000000000001dc T memset
0000000000014b60 000000000000000c T __malloc_lock
0000000000014b70 000000000000000c T __malloc_unlock
0000000000014b80 000000000000008c T printf
0000000000014c10 00000000000000d0 T _puts_r
0000000000014ce0 0000000000000024 T puts
0000000000014d10 000000000000003c T setenv
0000000000014d50 0000000000000268 T _setenv_r
0000000000014fc0 0000000000000278 T setvbuf
0000000000015240 00000000000000c0 T sscanf
0000000000015300 0000000000000050 T __sread
0000000000015350 0000000000000008 T __seofread
0000000000015360 000000000000006c T __swrite
00000000000153d0 0000000000000050 T __sseek
0000000000015420 0000000000000008 T __sclose
0000000000015428 00000000000000dc T strchr
0000000000015540 00000000000000e4 T strcmp
0000000000015640 00000000000001b8 T strcpy
0000000000015800 0000000000000140 T strlen
0000000000015940 000000000000007c T strncat
00000000000159dc 00000000000001b8 T strncmp
0000000000015ba0 000000000000009c T strncpy
0000000000015c64 00000000000000e0 T strnlen
0000000000015d20 00000000000001a4 t _strtoul_l.constprop.0
0000000000015ed0 0000000000000044 T _strtoul_r
0000000000015f20 0000000000000048 T strtoul
0000000000015f68 0000000000000074 t get_arg
0000000000015fdc 0000000000003108 T __ssvfscanf_r
00000000000190e4 0000000000000780 t get_arg
0000000000019864 0000000000003cc8 T _vfprintf_r
000000000001d52c 00000000000000f8 t __sbprintf
000000000001d630 00000000000000d8 T _wcrtomb_r
000000000001d710 0000000000000010 T _wcsrtombs_r
000000000001d720 0000000000000140 T __swsetup_r
000000000001d860 000000000000012c T __call_exitprocs
000000000001d990 000000000000019c t quorem
000000000001db30 00000000000011a0 T _dtoa_r
000000000001ecd0 000000000000000c T __env_lock
000000000001ece0 000000000000000c T __env_unlock
000000000001ecf0 0000000000000228 T __sflush_r
000000000001ef20 00000000000000b8 T _fflush_r
000000000001efe0 000000000000000c T _cleanup_r
000000000001eff0 000000000000000c T __sfp_lock_acquire
000000000001f000 000000000000000c T __sfp_lock_release
000000000001f010 000000000000000c T __sinit_lock_acquire
000000000001f020 000000000000000c T __sinit_lock_release
000000000001f030 0000000000000154 T __sinit
000000000001f190 0000000000000118 T _malloc_trim_r
000000000001f2b0 00000000000002f0 T _free_r
000000000001f5a0 00000000000004bc T __sfvwrite_r
000000000001fa60 00000000000000a4 T _fwalk_reent
000000000001fb10 0000000000000100 T _findenv_r
000000000001fc10 0000000000000008 T iswspace
000000000001fc20 0000000000000008 T __localeconv_l
000000000001fc30 0000000000000028 T _localeconv_r
000000000001fc60 000000000000002c T __locale_mb_cur_max
000000000001fc90 00000000000000a4 T __swhatbuf_r
000000000001fd40 000000000000010c T __smakebuf_r
000000000001fe50 00000000000000f0 T _mbrtowc_r
000000000001ff40 00000000000002c8 T __utf8_mbtowc
0000000000020240 00000000000000ac T memmove
00000000000202f0 000000000000008c T _Balloc
0000000000020380 000000000000001c T _Bfree
00000000000203a0 0000000000000108 T __multadd
00000000000204b0 0000000000000138 T __s2b
00000000000205f0 000000000000005c T __hi0bits
0000000000020650 000000000000009c T __lo0bits
00000000000206f0 000000000000004c T __i2b
0000000000020740 00000000000001e8 T __multiply
0000000000020930 0000000000000100 T __pow5mult
0000000000020a30 0000000000000170 T __lshift
0000000000020ba0 0000000000000050 T __mcmp
0000000000020bf0 00000000000001b8 T __mdiff
0000000000020db0 0000000000000068 T __ulp
0000000000020e20 0000000000000150 T __b2d
0000000000020f70 0000000000000154 T __d2b
00000000000210d0 00000000000000a0 T __ratio
0000000000021170 0000000000000068 T __copybits
00000000000211e0 000000000000006c T __any_on
0000000000021250 000000000000002c T realloc
0000000000021280 000000000000055c T _realloc_r
00000000000217e0 00000000000000d4 T __sccl
00000000000218c0 000000000000000c T nanf
00000000000218d0 000000000000007c T frexp
0000000000021950 00000000000000b0 T sprintf
0000000000021a00 0000000000000098 T stpncpy
0000000000021aa0 0000000000001180 T _strtod_l
0000000000022c20 0000000000000054 T _strtod_r
0000000000022c80 0000000000000194 t _strtoll_l.constprop.0
0000000000022e20 0000000000000044 T _strtoll_r
0000000000022e70 0000000000000194 t _strtol_l.part.0
0000000000023010 0000000000000070 T _strtol_r
0000000000023080 00000000000001a4 t _strtoull_l.constprop.0
0000000000023230 0000000000000044 T _strtoull_r
0000000000023274 00000000000001c0 T __ssprint_r
0000000000023434 00000000000000f0 T _sungetc_r
0000000000023524 0000000000000070 T __ssrefill_r
0000000000023594 00000000000000e0 T _sfread_r
0000000000023674 0000000000000780 t get_arg
0000000000023df4 0000000000003c08 T _svfprintf_r
0000000000027a00 00000000000000c8 T __submore
0000000000027ac8 0000000000000780 t get_arg
0000000000028248 000000000000003c T __sprint_r
0000000000028284 0000000000002988 T _vfiprintf_r
000000000002ac0c 00000000000000f8 t __sbprintf
000000000002ad10 00000000000001d8 T _wcsnrtombs_l
000000000002aef0 0000000000000074 T _wcsnrtombs_r
000000000002af70 00000000000000e4 T __utf8_wctomb
000000000002b060 0000000000000064 T __assert_func
000000000002b0d0 0000000000000094 T _calloc_r
000000000002b170 000000000000015c T _fclose_r
000000000002b2d0 0000000000000094 T fiprintf
000000000002b370 0000000000000114 t rshift
000000000002b490 00000000000008a0 T __gethex
000000000002bd30 0000000000000048 T __match
000000000002bd80 0000000000000258 T __hexnan
000000000002bfe0 000000000000004c T iswspace_l
000000000002c030 000000000000023c t __jp2uc
000000000002c270 00000000000000bc T _jp2uc_l
000000000002c330 000000000000000c T nan
000000000002c340 0000000000000018 T abort
000000000002c360 0000000000000080 T category
000000000002c3e0 00000000000000b4 T _raise_r
000000000002c4a0 0000000000000024 T raise
000000000002c4d0 0000000000000008 t null_write
000000000002c4e0 0000000000000018 T setDefaultDevice
000000000002c500 0000000000000108 T FindDevice
000000000002c610 0000000000000034 T RemoveDevice
000000000002c650 00000000000000dc T AddDevice
000000000002c730 0000000000000034 T GetDeviceOpTab
000000000002c770 00000000000000a8 T _close_r
000000000002c820 0000000000000084 T _fstat_r
000000000002c8b0 0000000000000014 T _getpid_r
000000000002c8d0 0000000000000008 T _isatty_r
000000000002c8e0 0000000000000014 T _kill_r
000000000002c900 0000000000000098 T _lseek_r
000000000002c9a0 00000000000000a4 T _read_r
000000000002ca50 0000000000000078 T _sbrk_r
000000000002cad0 00000000000000a4 T _write_r
000000000002cb80 0000000000000020 T _exit
000000000002cba0 0000000000000228 T _concatenate_path
000000000002cdd0 0000000000000178 T chdir
000000000002cf50 0000000000000014 T __libc_lock_acquire
000000000002cf70 0000000000000014 T __libc_lock_release
000000000002cf90 000000000000000c T __libc_lock_init_recursive
000000000002cfa0 0000000000000014 T __libc_lock_acquire_recursive
000000000002cfc0 0000000000000014 T __libc_lock_release_recursive
000000000002cfe0 0000000000000004 T __libc_lock_close_recursive
000000000002cff0 0000000000000040 T __free_handle
000000000002d030 0000000000000058 T __release_handle
000000000002d090 0000000000000020 T __get_handle
000000000002d0b0 0000000000000020 T __getreent
000000000002d0d0 0000000000000150 t __extenddftf2
000000000002d220 0000000000000310 t __trunctfdf2
000000000002d530 0000000000000070 t __sfp_handle_exceptions
000000000002d5a0 0000000000000100 T strrchr
000000000002d6a0 T _fini
000000000002e000 R __rodata_start
000000000002e170 0000000000000014 r CSWTCH.560
000000000002e278 0000000000000030 r colorTable
000000000002e2a8 0000000000000086 r _error_code_map
000000000002e330 0000000000000011 r digits.2
000000000002e348 R default_font_bin
0000000000030348 R default_font_bin_end
0000000000030350 0000000000000020 r g_defaultBsdInitConfig
0000000000030370 0000000000000038 r g_nvColorFmtTable
00000000000303e0 0000000000000020 r error_table
0000000000030428 0000000000000023 r g_bq_InterfaceDescriptor
0000000000030460 0000000000000101 R _ctype_
0000000000030650 0000000000000022 r basefix.0
0000000000030808 0000000000000010 r blanks.1
0000000000030818 0000000000000010 r zeroes.0
0000000000030958 0000000000000028 R __mprec_bigtens
0000000000030980 00000000000000c8 R __mprec_tens
0000000000030a48 000000000000000c r p05.0
0000000000030a88 0000000000000014 r fpi.1
0000000000030aa0 0000000000000014 r fpinan.0
0000000000030ab8 0000000000000028 r tinytens
0000000000030ae0 000000000000006c R __action_table
0000000000030b50 0000000000000100 R __chclass
0000000000030c50 000000000000006c R __state_table
0000000000030e08 0000000000000010 r blanks.1
0000000000030e18 0000000000000010 r zeroes.0
0000000000030f78 0000000000000010 r blanks.1
0000000000030f88 0000000000000010 r zeroes.0
0000000000031020 0000000000000100 R __hexdig
0000000000031138 00000000000000bc r a1
00000000000311f8 00000000000000bc r a2
00000000000312b8 000000000000005b r a3
0000000000031318 0000000000000070 r a6
0000000000031388 00000000000000a2 r a7
0000000000031430 0000000000000040 r a8
0000000000031470 000000000000172a r b02cf
0000000000032ba0 0000000000001a7c r d02f4
0000000000034620 00000000000031e6 r categories
0000000000037808 r __EH_FRAME_BEGIN__
0000000000037808 R __eh_frame_hdr_end
0000000000037808 R __eh_frame_hdr_start
000000000003d9dc r __FRAME_END__
000000000003d9e0 a _DYNAMIC
0000000000041000 R __data_start
0000000000041000 t __frame_dummy_init_array_entry
0000000000041000 T __init_array_start
0000000000041000 B __preinit_array_end
0000000000041000 B __preinit_array_start
0000000000041000 D __tdata_lma
0000000000041000 D __tdata_lma_end
0000000000041008 t __do_global_dtors_aux_fini_array_entry
0000000000041008 T __fini_array_start
0000000000041008 T __init_array_end
0000000000041010 a _GLOBAL_OFFSET_TABLE_
0000000000041010 T __fini_array_end
0000000000041010 T __got_start__
0000000000041290 D __got_end__
0000000000041290 0000000000000001 V __nx_applet_auto_notifyrunning
0000000000041294 0000000000000004 V __nx_applet_type
0000000000041298 00000000000000e0 d g_socketDevoptab
0000000000041378 0000000000000058 d defaultConsole
00000000000413d0 0000000000000008 d currentConsole
00000000000413d8 00000000000000e0 d dotab_stdout
00000000000414b8 0000000000000088 d s_consoleSwRenderer
0000000000041540 0000000000000008 d g_bsdClientPid
0000000000041548 0000000000000008 V __nx_exception_stack_size
0000000000041550 0000000000000004 V __nx_fsdev_direntry_cache_size
0000000000041554 0000000000000001 V __nx_fsdev_support_cwd
0000000000041558 00000000000000e0 d fsdev_devoptab
0000000000041638 0000000000000004 V __nx_fs_num_sessions
000000000004163c 0000000000000004 V __nx_nv_transfermem_size
0000000000041640 0000000000000004 V __nx_vi_stray_layer_flags
0000000000041644 0000000000000004 d g_viServiceType
0000000000041648 0000000000000004 d g_ctrl_fd
000000000004164c 0000000000000004 d g_nvmap_fd
0000000000041650 0000000000000008 D _impure_ptr
0000000000041658 0000000000000768 d impure_data
0000000000041dc0 0000000000000008 D _global_impure_ptr
0000000000041dc8 0000000000000008 D __malloc_sbrk_base
0000000000041dd0 0000000000000008 D __malloc_trim_threshold
0000000000041dd8 0000000000000810 D __malloc_av_
00000000000425e8 0000000000000008 D environ
00000000000425f0 00000000000001a8 D __global_locale
0000000000042798 0000000000000002 d numempty
00000000000427a0 0000000000000018 D _C_numeric_locale
00000000000427b8 0000000000000004 d defaultDevice
00000000000427c0 0000000000000080 D devoptab_list
0000000000042840 00000000000000e0 D dotab_stdnull
0000000000042920 0000000000000400 d _current_working_directory
0000000000042d20 0000000000000010 d __stderr_handle
0000000000042d30 0000000000000010 d __stdin_handle
0000000000042d40 0000000000000010 d __stdout_handle
0000000000042d50 0000000000002000 d handles
0000000000044d50 D __bss_start__
0000000000044d50 b completed.1
0000000000044d58 b object.0
0000000000044d88 0000000000000010 b g_sfdnsresSrv
0000000000044d98 0000000000000008 b g_smGuard
0000000000044da0 0000000000000180 b g_smOverrides
0000000000044f20 0000000000000008 b g_smOverridesNum
0000000000044f28 0000000000000010 b g_smSrv
0000000000044f38 0000000000000080 V __nx_applet_AppletAttribute
0000000000044fb8 0000000000000008 V __nx_applet_PerformanceConfiguration
0000000000044fc0 0000000000000004 V __nx_applet_exit_mode
0000000000044fc4 0000000000000001 b g_appletCopyrightInitialized
0000000000044fc8 0000000000000028 b g_appletCopyrightTmem
0000000000044ff0 0000000000000004 b g_appletCpuBoostMode
0000000000044ff4 0000000000000001 b g_appletExitProcessFlag
0000000000044ff8 0000000000000004 b g_appletExitProcessResult
0000000000045000 0000000000000018 b g_appletFirstHook
0000000000045018 0000000000000001 b g_appletFocusState
0000000000045020 0000000000000008 b g_appletGuard
0000000000045028 0000000000000010 b g_appletIAppletCommonFunctions
0000000000045038 0000000000000010 b g_appletIApplicationCreator
0000000000045048 0000000000000010 b g_appletIAudioController
0000000000045058 0000000000000010 b g_appletICommonStateGetter
0000000000045068 0000000000000010 b g_appletIDebugFunctions
0000000000045078 0000000000000010 b g_appletIDisplayController
0000000000045088 0000000000000010 b g_appletIFunctions
0000000000045098 0000000000000010 b g_appletIGlobalStateController
00000000000450a8 0000000000000010 b g_appletILibraryAppletCreator
00000000000450b8 0000000000000010 b g_appletILibraryAppletSelfAccessor
00000000000450c8 0000000000000010 b g_appletIProcessWindingController
00000000000450d8 0000000000000010 b g_appletISelfController
00000000000450e8 0000000000000010 b g_appletIWindowController
00000000000450f8 0000000000000050 b g_appletInfo
0000000000045148 0000000000000001 b g_appletInfoInitialized
0000000000045150 0000000000000008 b g_appletInitTickBase
0000000000045158 0000000000000001 b g_appletLeftInitialized
0000000000045160 000000000000000c b g_appletLibraryAppletLaunchableEvent
0000000000045170 000000000000000c b g_appletMessageEvent
000000000004517c 0000000000000001 b g_appletNotifiedRunning
000000000004517d 0000000000000001 b g_appletOperationMode
0000000000045180 0000000000000004 b g_appletPerformanceMode
0000000000045188 0000000000000010 b g_appletProxySession
0000000000045198 0000000000000004 b g_appletRecordingInitialized
00000000000451a0 0000000000000028 b g_appletRecordingTmem
00000000000451c8 0000000000000008 b g_appletResourceUserId
00000000000451d0 0000000000000010 b g_appletSrv
00000000000451e0 0000000000000008 b g_appletSuspendedTick
00000000000451e8 000000000000000c b g_appletSuspendedTickEvent
00000000000451f4 0000000000000001 b g_appletSuspendedTickInitialized
00000000000451f8 0000000000000004 b g_hosVersion
00000000000451fc 0000000000000001 b g_hasRandomSeed
00000000000451fd 0000000000000001 b g_isNso
0000000000045200 0000000000000004 b g_lastLoadResult
0000000000045208 0000000000000008 b g_loaderInfo
0000000000045210 0000000000000008 b g_loaderInfoSize
0000000000045218 0000000000000008 b g_loaderRetAddr
0000000000045220 0000000000000004 b g_mainThreadHandle
0000000000045228 0000000000000008 b g_nextLoadArgv
0000000000045230 0000000000000008 b g_nextLoadPath
0000000000045238 0000000000000008 b g_overrideArgv
0000000000045240 0000000000000008 b g_overrideHeapAddr
0000000000045248 0000000000000008 b g_overrideHeapSize
0000000000045250 0000000000000004 b g_processHandle
0000000000045258 0000000000000010 b g_randomSeed
0000000000045268 0000000000000010 b g_syscallHints
0000000000045278 0000000000000008 b g_userIdStorage
0000000000045280 0000000000000058 b currentCopy
00000000000452d8 0000000000000001 b didFirstConsoleInit.0
00000000000452e0 B __stack_top
00000000000452e8 0000000000000010 b g_AliasRegion
00000000000452f8 0000000000000010 b g_AslrRegion
0000000000045308 0000000000000010 b g_HeapRegion
0000000000045318 0000000000000001 b g_IsLegacyKernel
0000000000045320 0000000000000008 b g_Reservations
0000000000045328 0000000000000010 b g_StackRegion
0000000000045338 0000000000000004 b g_VirtmemMutex
0000000000045340 0000000000000040 b g_chacha
0000000000045380 0000000000000001 b g_randInit
0000000000045384 0000000000000004 b g_randMutex
0000000000045388 0000000000000008 b g_apmGuard
0000000000045390 0000000000000010 b g_apmISession
00000000000453a0 0000000000000010 b g_apmSrv
00000000000453b0 0000000000000008 b g_bsdGuard
00000000000453b8 0000000000000010 b g_bsdMonitor
00000000000453c8 0000000000000054 b g_bsdSessionMgr
0000000000045420 0000000000000010 b g_bsdSrv
0000000000045430 0000000000000028 b g_bsdTmem
0000000000045458 0000000000000008 b g_hidGuard
0000000000045460 0000000000000010 b g_hidIActiveVibrationDeviceList
0000000000045470 0000000000000010 b g_hidIAppletResource
0000000000045480 0000000000000020 b g_hidSharedmem
00000000000454a0 0000000000000010 b g_hidSrv
00000000000454b0 0000000000000008 b g_sevenSixAxisSensorBuffer
00000000000454b8 0000000000000080 b g_defaultWin
0000000000045538 0000000000000050 b g_viDisplay
0000000000045588 0000000000000010 b g_viLayer
0000000000045598 0000000000000004 V __nx_exception_ignoredebug
00000000000455a0 0000000000000400 V __nx_exception_stack
00000000000459a0 0000000000000340 B __nx_exceptiondump
0000000000045ce0 0000000000000008 V __nx_heap_size
0000000000045ce8 0000000000000008 b __bootticks
0000000000045cf0 0000000000000008 b __boottime
0000000000045cf8 0000000000000004 V __nx_time_type
0000000000045cfc 0000000000000004 B __system_argc
0000000000045d00 0000000000000008 B __system_argv
0000000000045d08 0000000000000008 b g_argv_empty
0000000000045d10 0000000000000004 b fsdev_fsdevice_cwd
0000000000045d18 0000000000002400 b fsdev_fsdevices
0000000000048118 0000000000000001 b fsdev_initialised
0000000000048120 0000000000000038 b g_mainThread
0000000000048158 0000000000000008 b g_threadList
0000000000048160 0000000000000004 b g_threadMutex
0000000000048168 0000000000000008 b g_fsGuard
0000000000048170 0000000000000054 b g_fsSessionMgr
00000000000481c8 0000000000000010 b g_fsSrv
00000000000481d8 0000000000000008 b g_nvGuard
00000000000481e0 0000000000000010 b g_nvSrv
00000000000481f0 0000000000000010 b g_nvSrvClone
0000000000048200 0000000000000028 b g_nvTransfermem
0000000000048228 0000000000000008 V __nx_vi_layer_id
0000000000048230 0000000000000008 b g_viGuard
0000000000048238 0000000000000010 b g_viIApplicationDisplayService
0000000000048248 0000000000000010 b g_viIHOSBinderDriverIndirect
0000000000048258 0000000000000010 b g_viIHOSBinderDriverRelay
0000000000048268 0000000000000010 b g_viIManagerDisplayService
0000000000048278 0000000000000010 b g_viISystemDisplayService
0000000000048288 0000000000000008 b g_setsysGuard
0000000000048290 0000000000000010 b g_setsysSrv
00000000000482a0 0000000000000004 V __nx_time_service_type
00000000000482a8 0000000000000008 b g_timeGuard
00000000000482b0 0000000000000010 b g_timeLocalSystemClock
00000000000482c0 0000000000000010 b g_timeNetworkSystemClock
00000000000482d0 0000000000000020 b g_timeSharedmem
00000000000482f0 0000000000000010 b g_timeSrv
0000000000048300 0000000000000010 b g_timeSteadyClock
0000000000048310 0000000000000010 b g_timeTimeZoneService
0000000000048320 0000000000000010 b g_timeUserSystemClock
0000000000048330 0000000000000008 b g_NvEventUsedMask
0000000000048338 0000000000000300 b g_NvEvents
0000000000048638 0000000000000008 b g_nvFenceGuard
0000000000048640 0000000000000008 b g_nvMapGuard
0000000000048648 0000000000000004 B __nxlink_host
0000000000048650 0000000000000028 B __malloc_current_mallinfo
0000000000048678 0000000000000008 B __malloc_max_sbrked_mem
0000000000048680 0000000000000008 B __malloc_max_total_mem
0000000000048688 0000000000000008 B __malloc_top_pad
0000000000048690 000000000000000c b __malloc_recursive_mutex
000000000004869c 0000000000000004 b alloced.0
00000000000486a0 000000000000000c B __atexit_recursive_mutex
00000000000486b0 0000000000000008 b initial_env
00000000000486b8 000000000000000c b __env_recursive_mutex
00000000000486c8 000000000000000c b __sfp_recursive_mutex
00000000000486d8 000000000000000c b __sinit_recursive_mutex
00000000000486e8 0000000000000008 b heap_start.0
00000000000486f0 0000000000000008 B fake_heap_end
00000000000486f8 0000000000000008 B fake_heap_start
0000000000048700 0000000000000400 b temp_cwd
0000000000048b00 0000000000000004 b __hndl_lock
0000000000048b08 B __tls_start
0000000000048fb0 B __bss_end__
0000000000048fb0 A __end__
0000000000048fb0 B __tls_end
0000000000049000 A __argdata__
